<?xml version="1.0" encoding="UTF-8"?>
<!-- Generated by org.testng.reporters.JUnitXMLReporter -->
<testsuite ignored="4" hostname="Niel" failures="0" tests="4" name="Test" time="2.077" errors="0" timestamp="2022-12-18T14:31:52 IST">
  <testcase classname="SauceLabs.CheckLogin" name="login" time="0.625"/>
  <testcase classname="SauceLabs.AddProductFunctionality" name="addProduct" time="0.217"/>
  <testcase classname="SauceLabs.CartFunctionality" name="verifyCartProduct" time="0.137"/>
  <testcase classname="SauceLabs.CheckOutFunctionality" name="checkout" time="1.032"/>
  <testcase classname="SauceLabs.BaseTest" name="@BeforeSuite setup" time="0.0">
    <ignored/>
  </testcase> <!-- @BeforeSuite setup -->
  <testcase classname="SauceLabs.BaseTest" name="@BeforeSuite setup" time="0.0">
    <ignored/>
  </testcase> <!-- @BeforeSuite setup -->
  <testcase classname="SauceLabs.BaseTest" name="@BeforeSuite setup" time="0.0">
    <ignored/>
  </testcase> <!-- @BeforeSuite setup -->
  <testcase classname="SauceLabs.BaseTest" name="@BeforeSuite setup" time="0.0">
    <ignored/>
  </testcase> <!-- @BeforeSuite setup -->
</testsuite> <!-- Test -->
