<?xml version="1.0" encoding="UTF-8"?>
<testng-results ignored="4" total="8" passed="4" failed="0" skipped="0">
  <reporter-output>
    <line>
      <![CDATA[Product added to card successfukky]]>
    </line>
  </reporter-output>
  <suite started-at="2022-12-18T14:31:50 IST" name="Suite" finished-at="2022-12-18T14:31:52 IST" duration-ms="2077">
    <groups>
    </groups>
    <test started-at="2022-12-18T14:31:50 IST" name="Test" finished-at="2022-12-18T14:31:52 IST" duration-ms="2077">
      <class name="SauceLabs.CartFunctionality">
        <test-method signature="verifyCartProduct()[pri:0, instance:SauceLabs.CartFunctionality@1b11ef33]" started-at="2022-12-18T14:31:51 IST" name="verifyCartProduct" finished-at="2022-12-18T14:31:51 IST" duration-ms="137" status="PASS">
          <reporter-output>
          </reporter-output>
        </test-method> <!-- verifyCartProduct -->
      </class> <!-- SauceLabs.CartFunctionality -->
      <class name="SauceLabs.BaseTest">
        <test-method is-config="true" signature="setup()[pri:0, instance:SauceLabs.BaseTest@62417a16]" started-at="2022-12-18T14:31:48 IST" name="setup" finished-at="2022-12-18T14:31:50 IST" duration-ms="2306" status="PASS">
          <reporter-output>
          </reporter-output>
        </test-method> <!-- setup -->
      </class> <!-- SauceLabs.BaseTest -->
      <class name="SauceLabs.CheckLogin">
        <test-method signature="login()[pri:0, instance:SauceLabs.CheckLogin@48c40605]" started-at="2022-12-18T14:31:50 IST" name="login" finished-at="2022-12-18T14:31:51 IST" duration-ms="625" status="PASS">
          <reporter-output>
          </reporter-output>
        </test-method> <!-- login -->
      </class> <!-- SauceLabs.CheckLogin -->
      <class name="SauceLabs.CheckOutFunctionality">
        <test-method signature="checkout()[pri:0, instance:SauceLabs.CheckOutFunctionality@476aac9]" started-at="2022-12-18T14:31:51 IST" name="checkout" finished-at="2022-12-18T14:31:52 IST" duration-ms="1032" status="PASS">
          <reporter-output>
          </reporter-output>
        </test-method> <!-- checkout -->
      </class> <!-- SauceLabs.CheckOutFunctionality -->
      <class name="SauceLabs.AddProductFunctionality">
        <test-method signature="addProduct()[pri:0, instance:SauceLabs.AddProductFunctionality@54107f42]" started-at="2022-12-18T14:31:51 IST" name="addProduct" finished-at="2022-12-18T14:31:51 IST" duration-ms="217" status="PASS">
          <reporter-output>
            <line>
              <![CDATA[Product added to card successfukky]]>
            </line>
          </reporter-output>
        </test-method> <!-- addProduct -->
      </class> <!-- SauceLabs.AddProductFunctionality -->
    </test> <!-- Test -->
  </suite> <!-- Suite -->
</testng-results>
